生成启动时间为 2021/3/21 17:47:07。
     1>项目“D:\c语言\程序\学习\猜数字游戏\猜数字游戏\猜数字游戏.vcxproj”在节点 2 上(build 个目标)。
     1>PrepareForBuild:
         正在创建目录“D:\c语言\程序\学习\猜数字游戏\Release\”。
       InitializeBuildStatus:
         正在创建“Release\猜数字游戏.unsuccessfulbuild”，因为已指定“AlwaysCreate”。
       ClCompile:
         D:\c语言\vs2010\VC\bin\CL.exe /c /Zi /nologo /W3 /WX- /O2 /Oi /Oy- /GL /D WIN32 /D NDEBUG /D _CONSOLE /D _UNICODE /D UNICODE /Gm- /EHsc /MD /GS /Gy /fp:precise /Zc:wchar_t /Zc:forScope /Fo"Release\\" /Fd"Release\vc100.pdb" /Gd /TC /analyze- /errorReport:prompt 2021.3.16.c
         2021.3.16.c
     1>2021.3.16.c(30): warning C4244: “函数”: 从“time_t”转换到“unsigned int”，可能丢失数据
       Link:
         D:\c语言\vs2010\VC\bin\link.exe /ERRORREPORT:PROMPT /OUT:"D:\c语言\程序\学习\猜数字游戏\Release\猜数字游戏.exe" /INCREMENTAL:NO /NOLOGO kernel32.lib user32.lib gdi32.lib winspool.lib comdlg32.lib advapi32.lib shell32.lib ole32.lib oleaut32.lib uuid.lib odbc32.lib odbccp32.lib /MANIFEST /ManifestFile:"Release\猜数字游戏.exe.intermediate.manifest" /MANIFESTUAC:"level='asInvoker' uiAccess='false'" /DEBUG /PDB:"D:\c语言\程序\学习\猜数字游戏\Release\猜数字游戏.pdb" /SUBSYSTEM:CONSOLE /OPT:REF /OPT:ICF /LTCG /TLBID:1 /DYNAMICBASE /NXCOMPAT /IMPLIB:"D:\c语言\程序\学习\猜数字游戏\Release\猜数字游戏.lib" /MACHINE:X86 Release\2021.3.16.obj
         正在生成代码
         已完成代码的生成
         猜数字游戏.vcxproj -> D:\c语言\程序\学习\猜数字游戏\Release\猜数字游戏.exe
       Manifest:
         C:\Program Files (x86)\Microsoft SDKs\Windows\v7.0A\bin\mt.exe /nologo /verbose /outputresource:"D:\c语言\程序\学习\猜数字游戏\Release\猜数字游戏.exe;#1" /manifest "Release\猜数字游戏.exe.intermediate.manifest"
       FinalizeBuildStatus:
         正在删除文件“Release\猜数字游戏.unsuccessfulbuild”。
         正在对“Release\猜数字游戏.lastbuildstate”执行 Touch 任务。
     1>已完成生成项目“D:\c语言\程序\学习\猜数字游戏\猜数字游戏\猜数字游戏.vcxproj”(build 个目标)的操作。

生成成功。

已用时间 00:00:02.39
