生成启动时间为 2021/3/21 7:54:48。
     1>项目“D:\c语言\程序\学习\猜数字游戏\猜数字游戏\猜数字游戏.vcxproj”在节点 2 上(build 个目标)。
     1>InitializeBuildStatus:
         正在对“Debug\猜数字游戏.unsuccessfulbuild”执行 Touch 任务。
       ClCompile:
         D:\c语言\vs2010\VC\bin\CL.exe /c /ZI /nologo /W3 /WX- /Od /Oy- /D WIN32 /D _DEBUG /D _CONSOLE /D _UNICODE /D UNICODE /Gm /EHsc /RTC1 /MDd /GS /fp:precise /Zc:wchar_t /Zc:forScope /Fo"Debug\\" /Fd"Debug\vc100.pdb" /Gd /TC /analyze- /errorReport:prompt 2021.3.16.c
         2021.3.16.c
     1>d:\c语言\程序\学习\猜数字游戏\猜数字游戏\2021.3.16.c(30): warning C4244: “函数”: 从“time_t”转换到“unsigned int”，可能丢失数据
       ManifestResourceCompile:
         所有输出均为最新。
       Link:
         D:\c语言\vs2010\VC\bin\link.exe /ERRORREPORT:PROMPT /OUT:"D:\c语言\程序\学习\猜数字游戏\Debug\猜数字游戏.exe" /INCREMENTAL /NOLOGO kernel32.lib user32.lib gdi32.lib winspool.lib comdlg32.lib advapi32.lib shell32.lib ole32.lib oleaut32.lib uuid.lib odbc32.lib odbccp32.lib /MANIFEST /ManifestFile:"Debug\猜数字游戏.exe.intermediate.manifest" /MANIFESTUAC:"level='asInvoker' uiAccess='false'" /DEBUG /PDB:"D:\c语言\程序\学习\猜数字游戏\Debug\猜数字游戏.pdb" /SUBSYSTEM:CONSOLE /TLBID:1 /DYNAMICBASE /NXCOMPAT /IMPLIB:"D:\c语言\程序\学习\猜数字游戏\Debug\猜数字游戏.lib" /MACHINE:X86 "Debug\猜数字游戏.exe.embed.manifest.res"
         Debug\2021.3.16.obj
       Manifest:
         C:\Program Files (x86)\Microsoft SDKs\Windows\v7.0A\bin\mt.exe /nologo /verbose /out:"Debug\猜数字游戏.exe.embed.manifest" /manifest "Debug\猜数字游戏.exe.intermediate.manifest"
         所有输出均为最新。
       LinkEmbedManifest:
         所有输出均为最新。
         猜数字游戏.vcxproj -> D:\c语言\程序\学习\猜数字游戏\Debug\猜数字游戏.exe
       FinalizeBuildStatus:
         正在删除文件“Debug\猜数字游戏.unsuccessfulbuild”。
         正在对“Debug\猜数字游戏.lastbuildstate”执行 Touch 任务。
     1>已完成生成项目“D:\c语言\程序\学习\猜数字游戏\猜数字游戏\猜数字游戏.vcxproj”(build 个目标)的操作。

生成成功。

已用时间 00:00:04.46
